2026-03-24 20:16:58,636 INFO Target:    MAF_4EOT_bZIP_prep
2026-03-24 20:16:58,636 INFO Receptor:  MAF_4EOT_bZIP_prep.pdbqt
2026-03-24 20:16:58,637 INFO Rescoring: 30 compounds (top 30 minus 0 blacklisted)
2026-03-24 20:16:58,637 INFO CPUs:      20
2026-03-24 20:16:58,639 INFO Box:       center=(-43.648, 14.275, -20.945)  size=18Å
2026-03-24 20:17:49,398 INFO   Progress: 10/30 — ok=10 fail=0
2026-03-24 20:18:08,579 INFO   Progress: 20/30 — ok=20 fail=0
2026-03-24 20:18:48,883 INFO   Progress: 30/30 — ok=30 fail=0
2026-03-24 20:18:48,892 INFO 
=== Gnina complete: MAF_4EOT_bZIP_prep ===
2026-03-24 20:18:48,892 INFO   Rescored: 30  Failed: 0
2026-03-24 20:18:48,895 INFO   Scores saved: gnina_scores_MAF_4EOT_bZIP_prep.csv  (30 entries)
2026-03-24 20:18:48,895 INFO 
  Top 10 by CNN score:
2026-03-24 20:18:48,895 INFO     CHEMBL1256841         CNN=0.7731  Vina= -4.54  CNNaff=4.03
2026-03-24 20:18:48,895 INFO     CHEMBL982             CNN=0.7574  Vina= -4.78  CNNaff=4.33
2026-03-24 20:18:48,895 INFO     CHEMBL16              CNN=0.7493  Vina= -4.65  CNNaff=3.82
2026-03-24 20:18:48,895 INFO     CHEMBL396778          CNN=0.7478  Vina= -4.68  CNNaff=4.50
2026-03-24 20:18:48,895 INFO     CHEMBL1089318         CNN=0.7440  Vina= -4.68  CNNaff=5.12
2026-03-24 20:18:48,896 INFO     CHEMBL895             CNN=0.7437  Vina= -4.60  CNNaff=4.20
2026-03-24 20:18:48,896 INFO     CHEMBL41355           CNN=0.7409  Vina= -4.67  CNNaff=4.34
2026-03-24 20:18:48,896 INFO     CHEMBL646             CNN=0.7382  Vina= -4.63  CNNaff=4.79
2026-03-24 20:18:48,896 INFO     CHEMBL661             CNN=0.7272  Vina= -4.58  CNNaff=4.57
2026-03-24 20:18:48,896 INFO     CHEMBL668             CNN=0.7192  Vina= -4.62  CNNaff=3.97
2026-03-24 20:18:48,896 INFO Next step: 15_run_gnina.slurm → 16_consensus_filter.py
